<?xml version="1.0" encoding="UTF-8"?>
<!-- Generated by org.testng.reporters.JUnitReportReporter -->
<testsuite hostname="LAPTOP-D9J6LVOG" failures="0" tests="1" name="com.testNG.TestNgbasicss" time="0.004" errors="0" timestamp="2021-10-23T13:20:25 IST" skipped="0">
  <testcase classname="com.testNG.TestNgbasicss" name="googlrTitleTest" time="0.004"/>
  <system-out/>
</testsuite> <!-- com.testNG.TestNgbasicss -->
